>>>>>>>>>>>>>>>>>>
Reference = [/mnt/scratch45/c2006576/Llyfrgell_Bersonol/nextflow/assemblies/ERR10436350.fasta, /mnt/scratch45/c2006576/Llyfrgell_Bersonol/nextflow/assemblies/SRR3737036.fasta]
Query = [/mnt/scratch45/c2006576/Llyfrgell_Bersonol/nextflow/assemblies/ERR10436350.fasta, /mnt/scratch45/c2006576/Llyfrgell_Bersonol/nextflow/assemblies/SRR3737036.fasta]
Kmer size = 16
Fragment length = 3000
Threads = 1
ANI output file = all_vs_all.tsv
Sanity Check  = 0
>>>>>>>>>>>>>>>>>>
INFO [thread 0], skch::main, Count of threads executing parallel_for : 1
INFO [thread 0], skch::Sketch::build, window size for minimizer sampling  = 24
INFO [thread 0], skch::Sketch::build, minimizers picked from reference = 1176492
INFO [thread 0], skch::Sketch::index, unique minimizers = 688342
INFO [thread 0], skch::Sketch::computeFreqHist, Frequency histogram of minimizers = (1, 274924) ... (44, 1)
INFO [thread 0], skch::Sketch::computeFreqHist, consider all minimizers during lookup.
INFO [thread 0], skch::main, Time spent sketching the reference : 0.913773 sec
INFO [thread 0], skch::main, Start Map 1
INFO [thread 0], skch::main, Time spent mapping fragments in query #1 : 1.05406 sec
INFO [thread 0], skch::main, Time spent post mapping : 0.000506512 sec
INFO [thread 0], skch::main, Start Map 2
INFO [thread 0], skch::main, Time spent mapping fragments in query #2 : 1.93418 sec
INFO [thread 0], skch::main, Time spent post mapping : 0.000855483 sec
INFO [thread 0], skch::main, ready to exit the loop
INFO, skch::main, parallel_for execution finished
