INFO:    Environment variable SINGULARITYENV_TMPDIR is set, but APPTAINERENV_TMPDIR is preferred
INFO:    Environment variable SINGULARITYENV_NXF_TASK_WORKDIR is set, but APPTAINERENV_NXF_TASK_WORKDIR is preferred
mkdir -p failed for path /trinity/home/c2006576/.config/matplotlib: [Errno 30] Read-only file system: '/trinity'
Matplotlib created a temporary cache directory at /tmp/matplotlib-i30btnkb because there was an issue with the default path (/trinity/home/c2006576/.config/matplotlib); it is highly recommended to set the MPLCONFIGDIR environment variable to a writable directory, in particular to speed up the import of Matplotlib and to better support multiprocessing.
Traceback (most recent call last):
  File "/opt/conda/bin/antismash", line 10, in <module>
    sys.exit(entrypoint())
             ^^^^^^^^^^^^
  File "/opt/conda/lib/python3.11/site-packages/antismash/__main__.py", line 127, in entrypoint
    sys.exit(main(sys.argv[1:]))
             ^^^^^^^^^^^^^^^^^^
  File "/opt/conda/lib/python3.11/site-packages/antismash/__main__.py", line 116, in main
    return antismash.run_antismash(sequence, options)
           ^^^^^^^^^^^^^^^^^^^^^^^^^^^^^^^^^^^^^^^^^^
  File "/opt/conda/lib/python3.11/site-packages/antismash/main.py", line 683, in run_antismash
    result = _run_antismash(sequence_file, options)
             ^^^^^^^^^^^^^^^^^^^^^^^^^^^^^^^^^^^^^^
  File "/opt/conda/lib/python3.11/site-packages/antismash/main.py", line 715, in _run_antismash
    check_prerequisites(options.all_enabled_modules, options)
  File "/opt/conda/lib/python3.11/site-packages/antismash/main.py", line 605, in check_prerequisites
    res = module.check_prereqs(options)
          ^^^^^^^^^^^^^^^^^^^^^^^^^^^^^
  File "/opt/conda/lib/python3.11/site-packages/antismash/detection/genefunctions/__init__.py", line 204, in check_prereqs
    failure_messages.extend(chain.from_iterable(generator))
  File "/opt/conda/lib/python3.11/site-packages/antismash/detection/genefunctions/__init__.py", line 203, in <genexpr>
    generator = (tool.check_prereqs(options) for tool in TOOLS if tool.check_options is not None)
                 ^^^^^^^^^^^^^^^^^^^^^^^^^^^
  File "/opt/conda/lib/python3.11/site-packages/antismash/detection/genefunctions/tools/mite.py", line 162, in check_prereqs
    if get_dataset(options.genefunctions_mite_version):
       ^^^^^^^^^^^^^^^^^^^^^^^^^^^^^^^^^^^^^^^^^^^^^^^
  File "/opt/conda/lib/python3.11/site-packages/antismash/detection/genefunctions/tools/mite.py", line 252, in get_dataset
    requested = pathlib.Path(path.find_latest_database_version(str(data_dir),
                             ^^^^^^^^^^^^^^^^^^^^^^^^^^^^^^^^^^^^^^^^^^^^^^^^
  File "/opt/conda/lib/python3.11/site-packages/antismash/common/path.py", line 139, in find_latest_database_version
    raise ValueError(f"No matching database in location {database_dir}")
ValueError: No matching database in location /opt/conda/lib/python3.11/site-packages/antismash/databases/mite
